<?xml version="1.0" encoding="UTF-8"?>
<testsuite xmlns:xsi="http://www.w3.org/2001/XMLSchema-instance" xsi:noNamespaceSchemaLocation="https://maven.apache.org/surefire/maven-surefire-plugin/xsd/surefire-test-report.xsd" version="3.0.2" name="com.kadconsulting.github_action_demo.GithubActionDemoApplicationTests" time="1.814" tests="1" errors="0" skipped="0" failures="0" flakes="0">
  <properties>
[...]
</properties>
  <testcase name="contextLoads" classname="com.kadconsulting.github_action_demo.GithubActionDemoApplicationTests" time="0.469">
    <system-out><![CDATA[16:00:11.662 [main] INFO org.springframework.test.context.support.AnnotationConfigContextLoaderUtils -- Could not detect default configuration classes for test class [com.kadconsulting.github_action_demo.GithubActionDemoApplicationTests]: GithubActionDemoApplicationTests does not declare any static, non-private, non-final, nested classes annotated with @Configuration.
16:00:11.741 [main] INFO org.springframework.boot.test.context.SpringBootTestContextBootstrapper -- Found @SpringBootConfiguration com.kadconsulting.github_action_demo.GithubActionDemoApplication for test class com.kadconsulting.github_action_demo.GithubActionDemoApplicationTests
16:00:11.804 [main] INFO org.springframework.test.context.support.AnnotationConfigContextLoaderUtils -- Could not detect default configuration classes for test class [com.kadconsulting.github_action_demo.GithubActionDemoApplicationTests]: GithubActionDemoApplicationTests does not declare any static, non-private, non-final, nested classes annotated with @Configuration.
16:00:11.806 [main] INFO org.springframework.boot.test.context.SpringBootTestContextBootstrapper -- Found @SpringBootConfiguration com.kadconsulting.github_action_demo.GithubActionDemoApplication for test class com.kadconsulting.github_action_demo.GithubActionDemoApplicationTests

  .   ____          _            __ _ _
 /\\ / ___'_ __ _ _(_)_ __  __ _ \ \ \ \
( ( )\___ | '_ | '_| | '_ \/ _` | \ \ \ \
 \\/  ___)| |_)| | | | | || (_| |  ) ) ) )
  '  |____| .__|_| |_|_| |_\__, | / / / /
 =========|_|==============|___/=/_/_/_/

 :: Spring Boot ::                (v4.1.0)

2026-07-08T16:00:12.052+02:00  INFO 22140 --- [github-action-demo] [           main] c.k.g.GithubActionDemoApplicationTests   : Starting GithubActionDemoApplicationTests using Java 21.0.9 with PID 22140 (started by EH098 in C:\dev\workspace\github-action-demo-test)
2026-07-08T16:00:12.053+02:00  INFO 22140 --- [github-action-demo] [           main] c.k.g.GithubActionDemoApplicationTests   : No active profile set, falling back to 1 default profile: "default"
2026-07-08T16:00:12.829+02:00  INFO 22140 --- [github-action-demo] [           main] c.k.g.GithubActionDemoApplicationTests   : Started GithubActionDemoApplicationTests in 0.98 seconds (process running for 1.784)
]]></system-out>
    <system-err><![CDATA[Mockito is currently self-attaching to enable the inline-mock-maker. This will no longer work in future releases of the JDK. Please add Mockito as an agent to your build as described in Mockito's documentation: https://javadoc.io/doc/org.mockito/mockito-core/latest/org.mockito/org/mockito/Mockito.html#0.3
WARNING: A Java agent has been loaded dynamically (C:\Users\eh098\.m2\repository\net\bytebuddy\byte-buddy-agent\1.18.10\byte-buddy-agent-1.18.10.jar)
WARNING: If a serviceability tool is in use, please run with -XX:+EnableDynamicAgentLoading to hide this warning
WARNING: If a serviceability tool is not in use, please run with -Djdk.instrument.traceUsage for more information
WARNING: Dynamic loading of agents will be disallowed by default in a future release
]]></system-err>
  </testcase>
</testsuite>